<?xml version="1.0" encoding="UTF-8"?><testsuite errors="1" failures="0" name="Get Information Discografic" skipped="0" tests="1" time="29.21" timestamp="2023-09-23 11:56:18"><testcase name="See Information Discografic"><error message="no such element: Unable to locate element: {&quot;method&quot;:&quot;xpath&quot;,&quot;selector&quot;:&quot;(//*[text()='Andrés Cepeda, Gusi - Duele (Video Oficial)'])[2]&quot;}&#10;  (Session info: chrome=116.0.5845.188)&#10;For documentation on this error, please visit: https://www.seleniumhq.org/exceptions/no_such_element.html&#10;Build info: version: '3.141.59', revision: 'e82be7d358', time: '2018-11-14T08:17:03'&#10;System info: host: 'DESKTOP-EBETFGH', ip: '192.168.97.76', os.name: 'Windows 10', os.arch: 'amd64', os.version: '10.0', java.version: '1.8.0_161'&#10;Driver info: org.openqa.selenium.chrome.ChromeDriver&#10;Capabilities {acceptInsecureCerts: false, browserName: chrome, browserVersion: 116.0.5845.188, chrome: {chromedriverVersion: 116.0.5845.96 (1a3918166880..., userDataDir: C:\Users\SENA\AppData\Local...}, fedcm:accounts: true, goog:chromeOptions: {debuggerAddress: localhost:65534}, javascriptEnabled: true, networkConnectionEnabled: false, pageLoadStrategy: normal, platform: WINDOWS, platformName: WINDOWS, proxy: Proxy(), setWindowRect: true, strictFileInteractability: false, timeouts: {implicit: 0, pageLoad: 300000, script: 30000}, unhandledPromptBehavior: dismiss and notify, webauthn:extension:credBlob: true, webauthn:extension:largeBlob: true, webauthn:extension:minPinLength: true, webauthn:extension:prf: true, webauthn:virtualAuthenticators: true}&#10;Session ID: 52d2c9487c8d40be4ed79f96c655623a&#10;*** Element info: {Using=xpath, value=(//*[text()='Andrés Cepeda, Gusi - Duele (Video Oficial)'])[2]}" type="java.lang.AssertionError">no such element: Unable to locate element: {"method":"xpath","selector":"(//*[text()='Andrés Cepeda, Gusi - Duele (Video Oficial)'])[2]"}
  (Session info: chrome=116.0.5845.188)
For documentation on this error, please visit: https://www.seleniumhq.org/exceptions/no_such_element.html
Build info: version: '3.141.59', revision: 'e82be7d358', time: '2018-11-14T08:17:03'
System info: host: 'DESKTOP-EBETFGH', ip: '192.168.97.76', os.name: 'Windows 10', os.arch: 'amd64', os.version: '10.0', java.version: '1.8.0_161'
Driver info: org.openqa.selenium.chrome.ChromeDriver
Capabilities {acceptInsecureCerts: false, browserName: chrome, browserVersion: 116.0.5845.188, chrome: {chromedriverVersion: 116.0.5845.96 (1a3918166880..., userDataDir: C:\Users\SENA\AppData\Local...}, fedcm:accounts: true, goog:chromeOptions: {debuggerAddress: localhost:65534}, javascriptEnabled: true, networkConnectionEnabled: false, pageLoadStrategy: normal, platform: WINDOWS, platformName: WINDOWS, proxy: Proxy(), setWindowRect: true, strictFileInteractability: false, timeouts: {implicit: 0, pageLoad: 300000, script: 30000}, unhandledPromptBehavior: dismiss and notify, webauthn:extension:credBlob: true, webauthn:extension:largeBlob: true, webauthn:extension:minPinLength: true, webauthn:extension:prf: true, webauthn:virtualAuthenticators: true}
Session ID: 52d2c9487c8d40be4ed79f96c655623a
*** Element info: {Using=xpath, value=(//*[text()='Andrés Cepeda, Gusi - Duele (Video Oficial)'])[2]}</error><system-err>no such element: Unable to locate element: {"method":"xpath","selector":"(//*[text()='Andrés Cepeda, Gusi - Duele (Video Oficial)'])[2]"}
  (Session info: chrome=116.0.5845.188)
For documentation on this error, please visit: https://www.seleniumhq.org/exceptions/no_such_element.html
Build info: version: '3.141.59', revision: 'e82be7d358', time: '2018-11-14T08:17:03'
System info: host: 'DESKTOP-EBETFGH', ip: '192.168.97.76', os.name: 'Windows 10', os.arch: 'amd64', os.version: '10.0', java.version: '1.8.0_161'
Driver info: org.openqa.selenium.chrome.ChromeDriver
Capabilities {acceptInsecureCerts: false, browserName: chrome, browserVersion: 116.0.5845.188, chrome: {chromedriverVersion: 116.0.5845.96 (1a3918166880..., userDataDir: C:\Users\SENA\AppData\Local...}, fedcm:accounts: true, goog:chromeOptions: {debuggerAddress: localhost:65534}, javascriptEnabled: true, networkConnectionEnabled: false, pageLoadStrategy: normal, platform: WINDOWS, platformName: WINDOWS, proxy: Proxy(), setWindowRect: true, strictFileInteractability: false, timeouts: {implicit: 0, pageLoad: 300000, script: 30000}, unhandledPromptBehavior: dismiss and notify, webauthn:extension:credBlob: true, webauthn:extension:largeBlob: true, webauthn:extension:minPinLength: true, webauthn:extension:prf: true, webauthn:virtualAuthenticators: true}
Session ID: 52d2c9487c8d40be4ed79f96c655623a
*** Element info: {Using=xpath, value=(//*[text()='Andrés Cepeda, Gusi - Duele (Video Oficial)'])[2]}&#13;
com.co.andrescepeda.stepsdefinitions.GetInfoDiskStepDefinition.heCouldTheInformationAboutAAlbumDiscografic(GetInfoDiskStepDefinition.java:22)&#13;
✽.he could the information about a album discografic(src/test/resources/features/getinfodiscografic.feature:6)&#13;
</system-err></testcase></testsuite>